DEPRECATION WARNING: Using `bin/rake routes` is deprecated and will be removed in Rails 6.1. Use `bin/rails routes` instead.
 (called from load at /home/fipeman/.rvm/gems/ruby-2.5.3/bin/rake:23)
Started GET "/" for ::1 at 2020-07-26 18:38:16 -0400
  [1m[35m (1.0ms)[0m  [1m[34mSELECT sqlite_version(*)[0m
Processing by PagesController#one as HTML
  Rendering pages/one.html.erb within layouts/application
  Rendered pages/one.html.erb within layouts/application (Duration: 0.9ms | Allocations: 355)
[Webpacker] Compiling...
[Webpacker] Compiled all packs in /home/fipeman/Documents/Programación/Curso Fullstack/rails/desafios/desafio5_first_app/first_app/public/packs
[Webpacker] Hash: 15d1bb7b54cf6326b9ba
Version: webpack 4.44.0
Time: 1968ms
Built at: 07/26/2020 6:38:20 PM
                                     Asset       Size       Chunks                         Chunk Names
    js/application-9afcbb5693aa87623e69.js    124 KiB  application  [emitted] [immutable]  application
js/application-9afcbb5693aa87623e69.js.map    139 KiB  application  [emitted] [dev]        application
                             manifest.json  364 bytes               [emitted]              
Entrypoint application = js/application-9afcbb5693aa87623e69.js js/application-9afcbb5693aa87623e69.js.map
[./app/javascript/channels sync recursive _channel\.js$] ./app/javascript/channels sync _channel\.js$ 160 bytes {application} [built]
[./app/javascript/channels/index.js] 211 bytes {application} [built]
[./app/javascript/packs/application.js] 749 bytes {application} [built]
[./node_modules/webpack/buildin/module.js] (webpack)/buildin/module.js 552 bytes {application} [built]
    + 3 hidden modules

Completed 200 OK in 4228ms (Views: 4223.0ms | ActiveRecord: 0.0ms | Allocations: 25067)


Started GET "/pages/two" for ::1 at 2020-07-26 18:39:13 -0400
Processing by PagesController#two as HTML
  Rendering pages/two.html.erb within layouts/application
  Rendered pages/two.html.erb within layouts/application (Duration: 2.7ms | Allocations: 815)
[Webpacker] Everything's up-to-date. Nothing to do
Completed 200 OK in 18ms (Views: 15.9ms | ActiveRecord: 0.0ms | Allocations: 5004)


Started GET "/pages/three" for ::1 at 2020-07-26 18:46:31 -0400
  [1m[35m (0.1ms)[0m  [1m[34mSELECT sqlite_version(*)[0m
Processing by PagesController#three as HTML
  Rendering pages/three.html.erb within layouts/application
  Rendered pages/three.html.erb within layouts/application (Duration: 0.4ms | Allocations: 94)
[Webpacker] Everything's up-to-date. Nothing to do
Completed 200 OK in 7ms (Views: 6.3ms | ActiveRecord: 0.0ms | Allocations: 5105)


Started GET "/pages/three" for ::1 at 2020-07-26 19:17:13 -0400
  [1m[35m (0.1ms)[0m  [1m[34mSELECT sqlite_version(*)[0m
Processing by PagesController#three as HTML
  Rendering pages/three.html.erb within layouts/application
  Rendered pages/three.html.erb within layouts/application (Duration: 0.5ms | Allocations: 89)
[Webpacker] Everything's up-to-date. Nothing to do
Completed 200 OK in 12ms (Views: 10.2ms | ActiveRecord: 0.0ms | Allocations: 5147)


Started GET "/" for ::1 at 2020-07-26 19:17:18 -0400
Processing by PagesController#one as HTML
  Rendering pages/one.html.erb within layouts/application
  Rendered pages/one.html.erb within layouts/application (Duration: 0.3ms | Allocations: 86)
[Webpacker] Everything's up-to-date. Nothing to do
Completed 200 OK in 11ms (Views: 9.4ms | ActiveRecord: 0.0ms | Allocations: 4353)


Started GET "/" for ::1 at 2020-07-26 19:24:01 -0400
  [1m[35m (0.2ms)[0m  [1m[34mSELECT sqlite_version(*)[0m
Processing by PagesController#one as HTML
  Rendering pages/one.html.erb within layouts/application
  Rendered pages/one.html.erb within layouts/application (Duration: 0.4ms | Allocations: 86)
[Webpacker] Everything's up-to-date. Nothing to do
Completed 200 OK in 8ms (Views: 6.5ms | ActiveRecord: 0.0ms | Allocations: 5160)


Started GET "/" for ::1 at 2020-07-26 19:24:37 -0400
Processing by PagesController#one as HTML
  Rendering pages/one.html.erb within layouts/application
  Rendered pages/one.html.erb within layouts/application (Duration: 0.5ms | Allocations: 86)
[Webpacker] Everything's up-to-date. Nothing to do
Completed 200 OK in 10ms (Views: 8.7ms | ActiveRecord: 0.0ms | Allocations: 5158)


Started GET "/" for ::1 at 2020-07-26 19:25:06 -0400
Processing by PagesController#one as HTML
  Rendering pages/one.html.erb within layouts/application
  Rendered pages/one.html.erb within layouts/application (Duration: 0.6ms | Allocations: 86)
[Webpacker] Everything's up-to-date. Nothing to do
Completed 200 OK in 13ms (Views: 11.3ms | ActiveRecord: 0.0ms | Allocations: 5159)


Started GET "/" for ::1 at 2020-07-26 19:25:35 -0400
Processing by PagesController#one as HTML
  Rendering pages/one.html.erb within layouts/application
  Rendered pages/one.html.erb within layouts/application (Duration: 0.4ms | Allocations: 86)
[Webpacker] Everything's up-to-date. Nothing to do
Completed 200 OK in 14ms (Views: 12.2ms | ActiveRecord: 0.0ms | Allocations: 5149)


Started GET "/" for ::1 at 2020-07-26 19:28:45 -0400
Processing by PagesController#one as HTML
  Rendering pages/one.html.erb within layouts/application
  Rendered pages/one.html.erb within layouts/application (Duration: 0.5ms | Allocations: 86)
[Webpacker] Everything's up-to-date. Nothing to do
Completed 200 OK in 12ms (Views: 9.6ms | ActiveRecord: 0.0ms | Allocations: 5222)


Started GET "/pages/one" for ::1 at 2020-07-26 19:28:48 -0400
Processing by PagesController#one as HTML
  Rendering pages/one.html.erb within layouts/application
  Rendered pages/one.html.erb within layouts/application (Duration: 0.1ms | Allocations: 4)
[Webpacker] Everything's up-to-date. Nothing to do
Completed 200 OK in 11ms (Views: 9.6ms | ActiveRecord: 0.0ms | Allocations: 4159)


Started GET "/pages/one" for ::1 at 2020-07-26 19:28:50 -0400
Processing by PagesController#one as HTML
  Rendering pages/one.html.erb within layouts/application
  Rendered pages/one.html.erb within layouts/application (Duration: 0.1ms | Allocations: 4)
[Webpacker] Everything's up-to-date. Nothing to do
Completed 200 OK in 7ms (Views: 6.3ms | ActiveRecord: 0.0ms | Allocations: 4154)


Started GET "/pages/one" for ::1 at 2020-07-26 19:28:51 -0400
Processing by PagesController#one as HTML
  Rendering pages/one.html.erb within layouts/application
  Rendered pages/one.html.erb within layouts/application (Duration: 0.1ms | Allocations: 5)
[Webpacker] Everything's up-to-date. Nothing to do
Completed 200 OK in 7ms (Views: 5.8ms | ActiveRecord: 0.0ms | Allocations: 4153)


Started GET "/pages/one" for ::1 at 2020-07-26 19:28:52 -0400
Processing by PagesController#one as HTML
  Rendering pages/one.html.erb within layouts/application
  Rendered pages/one.html.erb within layouts/application (Duration: 0.1ms | Allocations: 4)
[Webpacker] Everything's up-to-date. Nothing to do
Completed 200 OK in 19ms (Views: 17.2ms | ActiveRecord: 0.0ms | Allocations: 4154)


Started GET "/pages/one" for ::1 at 2020-07-26 19:28:53 -0400
Processing by PagesController#one as HTML
  Rendering pages/one.html.erb within layouts/application
  Rendered pages/one.html.erb within layouts/application (Duration: 0.1ms | Allocations: 4)
[Webpacker] Everything's up-to-date. Nothing to do
Completed 200 OK in 12ms (Views: 10.3ms | ActiveRecord: 0.0ms | Allocations: 4161)


Started GET "/pages/one" for ::1 at 2020-07-26 19:30:10 -0400
Processing by PagesController#one as HTML
  Rendering pages/one.html.erb within layouts/application
  Rendered pages/one.html.erb within layouts/application (Duration: 0.3ms | Allocations: 89)
[Webpacker] Everything's up-to-date. Nothing to do
Completed 200 OK in 11ms (Views: 9.8ms | ActiveRecord: 0.0ms | Allocations: 5273)


Started GET "/pages/two" for ::1 at 2020-07-26 19:30:15 -0400
Processing by PagesController#two as HTML
  Rendering pages/two.html.erb within layouts/application
  Rendered pages/two.html.erb within layouts/application (Duration: 2.0ms | Allocations: 798)
[Webpacker] Everything's up-to-date. Nothing to do
Completed 200 OK in 10ms (Views: 8.2ms | ActiveRecord: 0.0ms | Allocations: 5008)


Started GET "/pages/two" for ::1 at 2020-07-26 19:31:04 -0400
Processing by PagesController#two as HTML
  Rendering pages/two.html.erb within layouts/application
  Rendered pages/two.html.erb within layouts/application (Duration: 3.1ms | Allocations: 798)
[Webpacker] Everything's up-to-date. Nothing to do
Completed 200 OK in 14ms (Views: 12.3ms | ActiveRecord: 0.0ms | Allocations: 5972)


Started GET "/pages/two" for ::1 at 2020-07-26 19:31:55 -0400
Processing by PagesController#two as HTML
  Rendering pages/two.html.erb within layouts/application
  Rendered pages/two.html.erb within layouts/application (Duration: 1.7ms | Allocations: 798)
[Webpacker] Everything's up-to-date. Nothing to do
Completed 200 OK in 15ms (Views: 13.2ms | ActiveRecord: 0.0ms | Allocations: 5969)


Started GET "/pages/one" for ::1 at 2020-07-26 19:31:59 -0400
Processing by PagesController#one as HTML
  Rendering pages/one.html.erb within layouts/application
  Rendered pages/one.html.erb within layouts/application (Duration: 0.7ms | Allocations: 86)
[Webpacker] Everything's up-to-date. Nothing to do
Completed 200 OK in 13ms (Views: 10.9ms | ActiveRecord: 0.0ms | Allocations: 4427)


Started GET "/pages/two" for ::1 at 2020-07-26 19:32:00 -0400
Processing by PagesController#two as HTML
  Rendering pages/two.html.erb within layouts/application
  Rendered pages/two.html.erb within layouts/application (Duration: 1.4ms | Allocations: 695)
[Webpacker] Everything's up-to-date. Nothing to do
Completed 200 OK in 11ms (Views: 8.9ms | ActiveRecord: 0.0ms | Allocations: 4808)


Started GET "/pages/three" for ::1 at 2020-07-26 19:32:01 -0400
Processing by PagesController#three as HTML
  Rendering pages/three.html.erb within layouts/application
  Rendered pages/three.html.erb within layouts/application (Duration: 0.5ms | Allocations: 91)
[Webpacker] Everything's up-to-date. Nothing to do
Completed 200 OK in 14ms (Views: 12.3ms | ActiveRecord: 0.0ms | Allocations: 4432)


Started GET "/pages/one" for ::1 at 2020-07-26 19:32:02 -0400
Processing by PagesController#one as HTML
  Rendering pages/one.html.erb within layouts/application
  Rendered pages/one.html.erb within layouts/application (Duration: 0.1ms | Allocations: 4)
[Webpacker] Everything's up-to-date. Nothing to do
Completed 200 OK in 11ms (Views: 9.8ms | ActiveRecord: 0.0ms | Allocations: 4196)


Started GET "/pages/two" for ::1 at 2020-07-26 19:32:03 -0400
Processing by PagesController#two as HTML
  Rendering pages/two.html.erb within layouts/application
  Rendered pages/two.html.erb within layouts/application (Duration: 2.7ms | Allocations: 695)
[Webpacker] Everything's up-to-date. Nothing to do
Completed 200 OK in 13ms (Views: 11.7ms | ActiveRecord: 0.0ms | Allocations: 4805)


Started GET "/pages/three" for ::1 at 2020-07-26 19:32:04 -0400
Processing by PagesController#three as HTML
  Rendering pages/three.html.erb within layouts/application
  Rendered pages/three.html.erb within layouts/application (Duration: 0.2ms | Allocations: 4)
[Webpacker] Everything's up-to-date. Nothing to do
Completed 200 OK in 13ms (Views: 11.1ms | ActiveRecord: 0.0ms | Allocations: 4195)


Started GET "/pages/three" for ::1 at 2020-07-26 20:17:58 -0400
  [1m[35m (1.9ms)[0m  [1m[34mSELECT sqlite_version(*)[0m
Processing by PagesController#three as HTML
  Rendering pages/three.html.erb within layouts/application
  Rendered pages/three.html.erb within layouts/application (Duration: 1.5ms | Allocations: 357)
[Webpacker] Everything's up-to-date. Nothing to do
Completed 200 OK in 32ms (Views: 27.4ms | ActiveRecord: 0.0ms | Allocations: 9938)


Started GET "/pages/three" for ::1 at 2020-07-26 20:31:06 -0400
  [1m[35m (0.1ms)[0m  [1m[34mSELECT sqlite_version(*)[0m
Processing by PagesController#three as HTML
  Rendering pages/three.html.erb within layouts/application
  Rendered pages/three.html.erb within layouts/application (Duration: 0.0ms | Allocations: 5)
[Webpacker] Everything's up-to-date. Nothing to do
Completed 200 OK in 6ms (Views: 5.7ms | ActiveRecord: 0.0ms | Allocations: 4329)


Started GET "/pages/three" for ::1 at 2020-07-26 20:31:08 -0400
Processing by PagesController#three as HTML
  Rendering pages/three.html.erb within layouts/application
  Rendered pages/three.html.erb within layouts/application (Duration: 0.1ms | Allocations: 5)
[Webpacker] Everything's up-to-date. Nothing to do
Completed 200 OK in 9ms (Views: 7.4ms | ActiveRecord: 0.0ms | Allocations: 4205)


Started GET "/pages/two" for ::1 at 2020-07-26 20:31:10 -0400
Processing by PagesController#two as HTML
  Rendering pages/two.html.erb within layouts/application
  Rendered pages/two.html.erb within layouts/application (Duration: 7.1ms | Allocations: 828)
[Webpacker] Everything's up-to-date. Nothing to do
Completed 200 OK in 17ms (Views: 14.4ms | ActiveRecord: 0.0ms | Allocations: 5085)


Started GET "/pages/three" for ::1 at 2020-07-26 20:31:11 -0400
Processing by PagesController#three as HTML
  Rendering pages/three.html.erb within layouts/application
  Rendered pages/three.html.erb within layouts/application (Duration: 0.1ms | Allocations: 5)
[Webpacker] Everything's up-to-date. Nothing to do
Completed 200 OK in 8ms (Views: 7.3ms | ActiveRecord: 0.0ms | Allocations: 4204)


Started GET "/pages/one" for ::1 at 2020-07-26 20:31:12 -0400
Processing by PagesController#one as HTML
  Rendering pages/one.html.erb within layouts/application
  Rendered pages/one.html.erb within layouts/application (Duration: 0.4ms | Allocations: 89)
[Webpacker] Everything's up-to-date. Nothing to do
Completed 200 OK in 8ms (Views: 6.3ms | ActiveRecord: 0.0ms | Allocations: 4435)


